2016-10-25T06:45:05.711Z - error: uncaughtException: Unexpected token ( date=Tue Oct 25 2016 12:15:05 GMT+0530 (IST), pid=85179, uid=2054139962, gid=1992551670, cwd=/Users/kwijewardana/projects/virtusa/NTB/NTBMockServices, execPath=/Users/kwijewardana/installs/node-v6.5.0-darwin-x64/bin/node, version=v6.5.0, argv=[/Users/kwijewardana/installs/node-v6.5.0-darwin-x64/bin/node, /Users/kwijewardana/projects/virtusa/NTB/NTBMockServices/app.js], rss=26914816, heapTotal=12619776, heapUsed=8119144, loadavg=[1.5380859375, 1.7509765625, 1.76904296875], uptime=95224, trace=[column=16, file=vm.js, function=Object.exports.runInThisContext, line=76, method=exports.runInThisContext, native=false, column=28, file=module.js, function=Module._compile, line=528, method=_compile, native=false, column=10, file=module.js, function=Object.Module._extensions..js, line=565, method=Module._extensions..js, native=false, column=32, file=module.js, function=Module.load, line=473, method=load, native=false, column=12, file=module.js, function=tryModuleLoad, line=432, method=null, native=false, column=3, file=module.js, function=Function.Module._load, line=424, method=Module._load, native=false, column=17, file=module.js, function=Module.require, line=483, method=require, native=false, column=19, file=internal/module.js, function=require, line=20, method=null, native=false, column=15, file=/Users/kwijewardana/projects/virtusa/NTB/NTBMockServices/app_end_points.js, function=, line=6, method=null, native=false, column=32, file=module.js, function=Module._compile, line=556, method=_compile, native=false], stack=[/Users/kwijewardana/projects/virtusa/NTB/NTBMockServices/services.js:13,     utils.(res, 200, "System Check", obj);,           ^, SyntaxError: Unexpected token (,     at Object.exports.runInThisContext (vm.js:76:16),     at Module._compile (module.js:528:28),     at Object.Module._extensions..js (module.js:565:10),     at Module.load (module.js:473:32),     at tryModuleLoad (module.js:432:12),     at Function.Module._load (module.js:424:3),     at Module.require (module.js:483:17),     at require (internal/module.js:20:19),     at Object.<anonymous> (/Users/kwijewardana/projects/virtusa/NTB/NTBMockServices/app_end_points.js:6:15),     at Module._compile (module.js:556:32)]
2016-10-25T06:48:53.569Z - error: uncaughtException: Unexpected token ( date=Tue Oct 25 2016 12:18:53 GMT+0530 (IST), pid=85430, uid=2054139962, gid=1992551670, cwd=/Users/kwijewardana/projects/virtusa/NTB/NTBMockServices, execPath=/Users/kwijewardana/installs/node-v6.5.0-darwin-x64/bin/node, version=v6.5.0, argv=[/Users/kwijewardana/installs/node-v6.5.0-darwin-x64/bin/node, /Users/kwijewardana/projects/virtusa/NTB/NTBMockServices/app.js], rss=27217920, heapTotal=12619776, heapUsed=8108400, loadavg=[1.77490234375, 1.7587890625, 1.7548828125], uptime=95452, trace=[column=16, file=vm.js, function=Object.exports.runInThisContext, line=76, method=exports.runInThisContext, native=false, column=28, file=module.js, function=Module._compile, line=528, method=_compile, native=false, column=10, file=module.js, function=Object.Module._extensions..js, line=565, method=Module._extensions..js, native=false, column=32, file=module.js, function=Module.load, line=473, method=load, native=false, column=12, file=module.js, function=tryModuleLoad, line=432, method=null, native=false, column=3, file=module.js, function=Function.Module._load, line=424, method=Module._load, native=false, column=17, file=module.js, function=Module.require, line=483, method=require, native=false, column=19, file=internal/module.js, function=require, line=20, method=null, native=false, column=15, file=/Users/kwijewardana/projects/virtusa/NTB/NTBMockServices/app_end_points.js, function=, line=6, method=null, native=false, column=32, file=module.js, function=Module._compile, line=556, method=_compile, native=false], stack=[/Users/kwijewardana/projects/virtusa/NTB/NTBMockServices/services.js:13,     utils.(res, 200, "System Check", obj);,           ^, SyntaxError: Unexpected token (,     at Object.exports.runInThisContext (vm.js:76:16),     at Module._compile (module.js:528:28),     at Object.Module._extensions..js (module.js:565:10),     at Module.load (module.js:473:32),     at tryModuleLoad (module.js:432:12),     at Function.Module._load (module.js:424:3),     at Module.require (module.js:483:17),     at require (internal/module.js:20:19),     at Object.<anonymous> (/Users/kwijewardana/projects/virtusa/NTB/NTBMockServices/app_end_points.js:6:15),     at Module._compile (module.js:556:32)]
